[debug] [2018-05-10T21:43:27.546Z] ----------------------------------------------------------------------
[debug] [2018-05-10T21:43:27.549Z] Command:       /usr/bin/node /usr/bin/firebase serve
[debug] [2018-05-10T21:43:27.549Z] CLI Version:   3.18.4
[debug] [2018-05-10T21:43:27.549Z] Platform:      linux
[debug] [2018-05-10T21:43:27.549Z] Node Version:  v8.11.1
[debug] [2018-05-10T21:43:27.549Z] Time:          Thu May 10 2018 17:43:27 GMT-0400 (EDT)
[debug] [2018-05-10T21:43:27.549Z] ----------------------------------------------------------------------
[debug] 
[debug] [2018-05-10T21:43:27.558Z] > command requires scopes: ["email","openid","https://www.googleapis.com/auth/cloudplatformprojects.readonly","https://www.googleapis.com/auth/firebase","https://www.googleapis.com/auth/cloud-platform"]
[debug] [2018-05-10T21:43:27.558Z] > authorizing via signed-in user
[debug] [2018-05-10T21:43:27.560Z] >>> HTTP REQUEST GET https://admin.firebase.com/v1/projects/rito-b5c31  
  
 Thu May 10 2018 17:43:27 GMT-0400 (EDT)
[debug] [2018-05-10T21:43:27.963Z] <<< HTTP RESPONSE 200
[debug] [2018-05-10T21:43:27.964Z] >>> HTTP REQUEST GET https://admin.firebase.com/v1/database/rito-b5c31/tokens  
  
 Thu May 10 2018 17:43:27 GMT-0400 (EDT)
[debug] [2018-05-10T21:43:28.301Z] <<< HTTP RESPONSE 200
[debug] [2018-05-10T21:43:28.303Z] >>> HTTP REQUEST GET https://cloudresourcemanager.googleapis.com/v1/projects/rito-b5c31  
  
 Thu May 10 2018 17:43:28 GMT-0400 (EDT)
[debug] [2018-05-10T21:43:28.575Z] <<< HTTP RESPONSE 200
[info] 
[info] === Serving from '/home/eaddae/workspace/prof-ryze'...
[info] 
[debug] [2018-05-10T21:43:33.602Z] Error: EACCES: permission denied, mkdir '/usr/lib/node_modules/firebase-tools/node_modules/@google-cloud/functions-emulator/logs'
    at Object.fs.mkdirSync (fs.js:885:18)
    at Object.assertLogsPath (/usr/lib/node_modules/firebase-tools/node_modules/@google-cloud/functions-emulator/src/emulator/logs.js:65:10)
    at new Controller (/usr/lib/node_modules/firebase-tools/node_modules/@google-cloud/functions-emulator/src/cli/controller.js:77:32)
    at FunctionsEmulator.start (/usr/lib/node_modules/firebase-tools/lib/functionsEmulator.js:111:21)
    at Object.start (/usr/lib/node_modules/firebase-tools/lib/serve/functions.js:9:29)
    at /usr/lib/node_modules/firebase-tools/lib/serve/index.js:17:21
    at arrayMap (/usr/lib/node_modules/firebase-tools/node_modules/lodash/lodash.js:639:23)
    at Function.map (/usr/lib/node_modules/firebase-tools/node_modules/lodash/lodash.js:9554:14)
    at _serve (/usr/lib/node_modules/firebase-tools/lib/serve/index.js:15:7)
    at Command._action (/usr/lib/node_modules/firebase-tools/commands/serve.js:48:12)
[error] 
[error] Error: An unexpected error has occurred.
